Log file open, 10/04/18 22:01:17
LogWindows: Failed to load 'aqProf.dll' (GetLastError=126)
LogWindows: File 'aqProf.dll' does not exist
LogWindows: Failed to load 'VSPerf140.dll' (GetLastError=126)
LogWindows: File 'VSPerf140.dll' does not exist
LogWindows: Failed to load 'VtuneApi.dll' (GetLastError=126)
LogWindows: File 'VtuneApi.dll' does not exist
LogWindows: Failed to load 'VtuneApi32e.dll' (GetLastError=126)
LogWindows: File 'VtuneApi32e.dll' does not exist
LogInit: Display: Running engine for game: Delta_Scar_Map
LogPlatformFile: Not using cached read wrapper
LogTaskGraph: Started task graph with 5 named threads and 23 total threads with 3 sets of task threads.
LogStats: Stats thread started at 0.265884
LogD3D11RHI: Loaded GFSDK_Aftermath_Lib.x64.dll
LogICUInternationalization: Display: ICU TimeZone Detection - Raw Offset: -5:00, Platform Override: ''
LogPluginManager: Mounting plugin Paper2D
LogPluginManager: Mounting plugin AISupport
LogPluginManager: Mounting plugin LightPropagationVolume
LogPluginManager: Mounting plugin CLionSourceCodeAccess
LogPluginManager: Mounting plugin CodeLiteSourceCodeAccess
LogPluginManager: Mounting plugin GitSourceControl
LogPluginManager: Mounting plugin KDevelopSourceCodeAccess
LogPluginManager: Mounting plugin NullSourceCodeAccess
LogPluginManager: Mounting plugin PerforceSourceControl
LogPluginManager: Mounting plugin SubversionSourceControl
LogPluginManager: Mounting plugin UObjectPlugin
LogPluginManager: Mounting plugin VisualStudioCodeSourceCodeAccess
LogPluginManager: Mounting plugin VisualStudioSourceCodeAccess
LogPluginManager: Mounting plugin XCodeSourceCodeAccess
LogPluginManager: Mounting plugin AssetManagerEditor
LogPluginManager: Mounting plugin CryptoKeys
LogPluginManager: Mounting plugin DataValidation
LogPluginManager: Mounting plugin FacialAnimation
LogPluginManager: Mounting plugin GameplayTagsEditor
LogPluginManager: Mounting plugin MacGraphicsSwitching
LogPluginManager: Mounting plugin MeshEditor
LogPluginManager: Mounting plugin MobileLauncherProfileWizard
LogPluginManager: Mounting plugin PluginBrowser
LogPluginManager: Mounting plugin SpeedTreeImporter
LogPluginManager: Mounting plugin DatasmithContent
LogPluginManager: Mounting plugin AlembicImporter
LogPluginManager: Mounting plugin AppleImageUtils
LogPluginManager: Mounting plugin AppleVision
LogPluginManager: Mounting plugin BackChannel
LogPluginManager: Mounting plugin CharacterAI
LogPluginManager: Mounting plugin GeometryCache
LogPluginManager: Mounting plugin HTML5Networking
LogPluginManager: Mounting plugin ProxyLODPlugin
LogPluginManager: Mounting plugin MagicLeap
LogPluginManager: Mounting plugin MagicLeapEmulator
LogPluginManager: Mounting plugin MagicLeapMedia
LogPluginManager: Mounting plugin AndroidMedia
LogPluginManager: Mounting plugin AvfMedia
LogPluginManager: Mounting plugin ImgMedia
LogPluginManager: Mounting plugin LinearTimecode
LogPluginManager: Mounting plugin MediaCompositing
LogPluginManager: Mounting plugin MediaPlayerEditor
LogPluginManager: Mounting plugin WmfMedia
LogPluginManager: Mounting plugin TcpMessaging
LogPluginManager: Mounting plugin UdpMessaging
LogPluginManager: Mounting plugin ActorSequence
LogPluginManager: Mounting plugin LevelSequenceEditor
LogPluginManager: Mounting plugin MatineeToLevelSequence
LogPluginManager: Mounting plugin NetcodeUnitTest
LogPluginManager: Mounting plugin NUTUnrealEngine4
LogPluginManager: Mounting plugin OnlineSubsystemGooglePlay
LogPluginManager: Mounting plugin OnlineSubsystemIOS
LogPluginManager: Mounting plugin OnlineSubsystem
LogPluginManager: Mounting plugin OnlineSubsystemNull
LogPluginManager: Mounting plugin OnlineSubsystemUtils
LogPluginManager: Mounting plugin LauncherChunkInstaller
LogPluginManager: Mounting plugin AndroidDeviceProfileSelector
LogPluginManager: Mounting plugin AndroidMoviePlayer
LogPluginManager: Mounting plugin AndroidPermission
LogPluginManager: Mounting plugin AppleMoviePlayer
LogPluginManager: Mounting plugin ArchVisCharacter
LogPluginManager: Mounting plugin AudioCapture
LogPluginManager: Mounting plugin CableComponent
LogPluginManager: Mounting plugin CustomMeshComponent
LogPluginManager: Mounting plugin EditableMesh
LogPluginManager: Mounting plugin ExampleDeviceProfileSelector
LogPluginManager: Mounting plugin GoogleCloudMessaging
LogPluginManager: Mounting plugin ImmediatePhysics
LogPluginManager: Mounting plugin IOSDeviceProfileSelector
LogPluginManager: Mounting plugin LinuxDeviceProfileSelector
LogPluginManager: Mounting plugin LocationServicesBPLibrary
LogPluginManager: Mounting plugin MobilePatchingUtils
LogPluginManager: Mounting plugin OculusVR
LogPluginManager: Plugin shader directory ../../../Engine/Plugins/Runtime/Oculus/OculusVR/Shaders found
LogPluginManager: Mapping shader source directory ../../../Engine/Plugins/Runtime/Oculus/OculusVR/Shaders to virtual directory /Plugin/OculusVR
LogPluginManager: Mounting plugin PhysXVehicles
LogPluginManager: Mounting plugin ProceduralMeshComponent
LogPluginManager: Mounting plugin RuntimePhysXCooking
LogPluginManager: Mounting plugin SteamVR
LogPluginManager: Mounting plugin WindowsMoviePlayer
LogStreaming: Display: Took  0.070s to configure plugins.
LogInit: Using libcurl 7.55.1-DEV
LogInit:  - built for x86_64-pc-win32
LogInit:  - supports SSL with OpenSSL/1.0.2h
LogInit:  - supports HTTP deflate (compression) using libz 1.2.8
LogInit:  - other features:
LogInit:      CURL_VERSION_SSL
LogInit:      CURL_VERSION_LIBZ
LogInit:      CURL_VERSION_IPV6
LogInit:      CURL_VERSION_ASYNCHDNS
LogInit:      CURL_VERSION_LARGEFILE
LogInit:      CURL_VERSION_IDN
LogInit:  CurlRequestOptions (configurable via config and command line):
LogInit:  - bVerifyPeer = false  - Libcurl will NOT verify peer certificate
LogInit:  - bUseHttpProxy = false  - Libcurl will NOT use HTTP proxy
LogInit:  - bDontReuseConnections = false  - Libcurl will reuse connections
LogInit:  - CertBundlePath = nullptr  - Libcurl will use whatever was configured at build time.
LogInit:  - MaxHostConnections = 16  - Libcurl will limit the number of connections to a host
LogInit:  - LocalHostAddr = Default
LogInit:  - BufferSize = 65536
LogInit: WinSock: version 1.1 (2.2), MaxSocks=32767, MaxUdp=65467
LogInit: Build: ++UE4+Release-4.20-CL-4233996
LogInit: Engine Version: 4.20.1-4233996+++UE4+Release-4.20
LogInit: Compatible Engine Version: 4.20.0-4212847+++UE4+Release-4.20
LogInit: Net CL: 4212847
LogInit: OS: Windows 10 (), CPU: Intel(R) Core(TM) i7-7700 CPU @ 3.60GHz, GPU: NVIDIA GeForce GTX 1080
LogInit: Compiled (64-bit): Jul 26 2018 10:07:30
LogInit: Compiled with Visual C++: 19.13.26129.00
LogInit: Build Configuration: Development
LogInit: Branch Name: ++UE4+Release-4.20
LogInit: Command Line:  
LogInit: Base Directory: C:/Program Files/Epic Games/UE_4.20/Engine/Binaries/Win64/
LogInit: Installed Engine Build: 1
LogDevObjectVersion: Number of dev versions registered: 20
LogDevObjectVersion:   Dev-Blueprints (B0D832E4-1F89-4F0D-ACCF-7EB736FD4AA2): 10
LogDevObjectVersion:   Dev-Build (E1C64328-A22C-4D53-A36C-8E866417BD8C): 0
LogDevObjectVersion:   Dev-Core (375EC13C-06E4-48FB-B500-84F0262A717E): 2
LogDevObjectVersion:   Dev-Editor (E4B068ED-F494-42E9-A231-DA0B2E46BB41): 24
LogDevObjectVersion:   Dev-Framework (CFFC743F-43B0-4480-9391-14DF171D2073): 34
LogDevObjectVersion:   Dev-Mobile (B02B49B5-BB20-44E9-A304-32B752E40360): 2
LogDevObjectVersion:   Dev-Networking (A4E4105C-59A1-49B5-A7C5-40C4547EDFEE): 0
LogDevObjectVersion:   Dev-Online (39C831C9-5AE6-47DC-9A44-9C173E1C8E7C): 0
LogDevObjectVersion:   Dev-Physics (78F01B33-EBEA-4F98-B9B4-84EACCB95AA2): 0
LogDevObjectVersion:   Dev-Platform (6631380F-2D4D-43E0-8009-CF276956A95A): 0
LogDevObjectVersion:   Dev-Rendering (12F88B9F-8875-4AFC-A67C-D90C383ABD29): 26
LogDevObjectVersion:   Dev-Sequencer (7B5AE74C-D270-4C10-A958-57980B212A5A): 9
LogDevObjectVersion:   Dev-VR (D7296918-1DD6-4BDD-9DE2-64A83CC13884): 2
LogDevObjectVersion:   Dev-LoadTimes (C2A15278-BFE7-4AFE-6C17-90FF531DF755): 1
LogDevObjectVersion:   Private-Geometry (6EACA3D4-40EC-4CC1-B786-8BED09428FC5): 3
LogDevObjectVersion:   Dev-AnimPhys (29E575DD-E0A3-4627-9D10-D276232CDCEA): 17
LogDevObjectVersion:   Dev-ReflectionCapture (6B266CEC-1EC7-4B8F-A30B-E4D90942FC07): 1
LogDevObjectVersion:   Dev-Automation (0DF73D61-A23F-47EA-B727-89E90C41499A): 1
LogDevObjectVersion:   FortniteMain (601D1886-AC64-4F84-AA16-D3DE0DEAC7D6): 12
LogDevObjectVersion:   Dev-Enterprise (9DFFBCD6-494F-0158-E221-12823C92A888): 1
LogStreaming: Display: Took  0.001s to delete old logs.
LogInit: Presizing for max 8388607 objects, including 0 objects not considered by GC, pre-allocating 0 bytes for permanent pool.
LogInit: Object subsystem initialized
[2018.10.05-02.01.17:746][  0]LogInit: Selected Device Profile: [Windows]
[2018.10.05-02.01.17:746][  0]LogInit: Applying CVar settings loaded from the selected device profile: [Windows]
[2018.10.05-02.01.17:756][  0]LogHAL: Display: Platform has ~ 32 GB [34254376960 / 34359738368 / 32], which maps to Largest [LargestMinGB=32, LargerMinGB=12, DefaultMinGB=8, SmallerMinGB=6, SmallestMinGB=0)
[2018.10.05-02.01.17:756][  0]LogInit: Setting Device Profile CVar: [[r.Vulkan.UseRealUBs:1]]
[2018.10.05-02.01.17:756][  0]LogInit: Going up to parent DeviceProfile []
[2018.10.05-02.01.17:756][  0]LogInit: Computer: IMSKNG027AW24
[2018.10.05-02.01.17:756][  0]LogInit: User: sapienfm
[2018.10.05-02.01.17:756][  0]LogInit: CPU Page size=4096, Cores=4
[2018.10.05-02.01.17:756][  0]LogInit: High frequency timer resolution =3.515624 MHz
[2018.10.05-02.01.17:757][  0]LogMemory: Memory total: Physical=31.9GB (32GB approx)
[2018.10.05-02.01.17:757][  0]LogMemory: Platform Memory Stats for Windows
[2018.10.05-02.01.17:757][  0]LogMemory: Process Physical Memory: 99.83 MB used, 99.83 MB peak
[2018.10.05-02.01.17:757][  0]LogMemory: Process Virtual Memory: 90.91 MB used, 90.91 MB peak
[2018.10.05-02.01.17:757][  0]LogMemory: Physical Memory: 7911.93 MB used,  24755.59 MB free, 32667.52 MB total
[2018.10.05-02.01.17:757][  0]LogMemory: Virtual Memory: 4645.18 MB used,  24755.59 MB free, 134217728.00 MB total
[2018.10.05-02.01.17:781][  0]LogInit: Using OS detected language (en-US).
[2018.10.05-02.01.17:781][  0]LogInit: Using OS detected locale (en-US).
[2018.10.05-02.01.17:782][  0]LogTextLocalizationManager: No specific localization for 'en-US' exists, so the 'en' localization will be used.
[2018.10.05-02.01.18:072][  0]LogStreaming: Display: Took  0.291s to InitEngineTextLocalization.
[2018.10.05-02.01.18:072][  0]LogInit: Setting process to per monitor DPI aware
[2018.10.05-02.01.18:102][  0]LogSlate: New Slate User Created.  User Index 0, Is Virtual User: 0
[2018.10.05-02.01.18:102][  0]LogSlate: Slate User Registered.  User Index 0, Is Virtual User: 0
[2018.10.05-02.01.18:244][  0]LogHMD: Failed to initialize OpenVR with code 110
[2018.10.05-02.01.18:244][  0]LogD3D11RHI: D3D11 adapters:
[2018.10.05-02.01.18:296][  0]LogD3D11RHI:    0. 'NVIDIA GeForce GTX 1080' (Feature Level 11_0)
[2018.10.05-02.01.18:296][  0]LogD3D11RHI:       8079/0/16333 MB DedicatedVideo/DedicatedSystem/SharedSystem, Outputs:1, VendorId:0x10de
[2018.10.05-02.01.18:303][  0]LogD3D11RHI:    1. 'Intel(R) HD Graphics 630' (Feature Level 11_0)
[2018.10.05-02.01.18:304][  0]LogD3D11RHI:       128/0/16333 MB DedicatedVideo/DedicatedSystem/SharedSystem, Outputs:0, VendorId:0x8086
[2018.10.05-02.01.18:305][  0]LogD3D11RHI:    2. 'Microsoft Basic Render Driver' (Feature Level 11_0)
[2018.10.05-02.01.18:305][  0]LogD3D11RHI:       0/0/16333 MB DedicatedVideo/DedicatedSystem/SharedSystem, Outputs:0, VendorId:0x1414
[2018.10.05-02.01.18:305][  0]LogD3D11RHI: Chosen D3D11 Adapter: 0
[2018.10.05-02.01.18:315][  0]LogD3D11RHI: Creating new Direct3DDevice
[2018.10.05-02.01.18:315][  0]LogD3D11RHI:     GPU DeviceId: 0x1b80 (for the marketing name, search the web for "GPU Device Id")
[2018.10.05-02.01.18:315][  0]LogWindows: EnumDisplayDevices:
[2018.10.05-02.01.18:315][  0]LogWindows:    0. 'NVIDIA GeForce GTX 1080' (P:1 D:1)
[2018.10.05-02.01.18:315][  0]LogWindows:    1. 'NVIDIA GeForce GTX 1080' (P:0 D:0)
[2018.10.05-02.01.18:315][  0]LogWindows:    2. 'NVIDIA GeForce GTX 1080' (P:0 D:0)
[2018.10.05-02.01.18:315][  0]LogWindows:    3. 'NVIDIA GeForce GTX 1080' (P:0 D:0)
[2018.10.05-02.01.18:315][  0]LogWindows:    4. 'Intel(R) HD Graphics 630' (P:0 D:0)
[2018.10.05-02.01.18:316][  0]LogWindows:    5. 'Intel(R) HD Graphics 630' (P:0 D:0)
[2018.10.05-02.01.18:316][  0]LogWindows:    6. 'Intel(R) HD Graphics 630' (P:0 D:0)
[2018.10.05-02.01.18:316][  0]LogWindows: DebugString: PrimaryIsNotTheChoosenAdapter PrimaryIsNotTheChoosenAdapter PrimaryIsNotTheChoosenAdapter FoundDriverCount:4 
[2018.10.05-02.01.18:316][  0]LogD3D11RHI:     Adapter Name: NVIDIA GeForce GTX 1080
[2018.10.05-02.01.18:316][  0]LogD3D11RHI:   Driver Version: 397.93 (internal:24.21.13.9793, unified:397.93)
[2018.10.05-02.01.18:316][  0]LogD3D11RHI:      Driver Date: 5-22-2018
[2018.10.05-02.01.18:316][  0]LogRHI: Texture pool is 5655 MB (70% of 8079 MB)
[2018.10.05-02.01.18:348][  0]LogD3D11RHI: Async texture creation enabled
[2018.10.05-02.01.18:366][  0]LogD3D11RHI: GPU Timing Frequency: 1000.000000 (Debug: 2 2)
[2018.10.05-02.01.18:409][  0]LogShaderCompilers: Guid format shader working directory is -39 characters bigger than the processId version (../../../../../../Users/sapienfm/Documents/GitHub/DeltaScar/DeltaScarMap/Delta_Scar_Map/Intermediate/Shaders/WorkingDirectory/27724/).
[2018.10.05-02.01.18:409][  0]LogShaderCompilers: Cleaned the shader compiler working directory 'C:/Users/sapienfm/AppData/Local/Temp/UnrealShaderWorkingDir/3BBA29FC4E40CA57D80E1FAF207A5A2A/'.
[2018.10.05-02.01.18:634][  0]LogTemp: Display: Loaded TP AllDesktopTargetPlatform
[2018.10.05-02.01.18:644][  0]LogTemp: Display: Loaded TP MacClientTargetPlatform
[2018.10.05-02.01.18:655][  0]LogTemp: Display: Loaded TP MacNoEditorTargetPlatform
[2018.10.05-02.01.18:666][  0]LogTemp: Display: Loaded TP MacServerTargetPlatform
[2018.10.05-02.01.18:676][  0]LogTemp: Display: Loaded TP MacTargetPlatform
[2018.10.05-02.01.18:687][  0]LogTemp: Display: Loaded TP WindowsClientTargetPlatform
[2018.10.05-02.01.18:698][  0]LogTemp: Display: Loaded TP WindowsNoEditorTargetPlatform
[2018.10.05-02.01.18:707][  0]LogTemp: Display: Loaded TP WindowsServerTargetPlatform
[2018.10.05-02.01.18:712][  0]LogTemp: Display: Loaded TP WindowsTargetPlatform
[2018.10.05-02.01.18:771][  0]LogTemp: Display: Loaded TP AndroidTargetPlatform
[2018.10.05-02.01.18:771][  0]LogTemp: Display: Loaded TP AndroidTargetPlatform
[2018.10.05-02.01.18:771][  0]LogTemp: Display: Loaded TP AndroidTargetPlatform
[2018.10.05-02.01.18:771][  0]LogTemp: Display: Loaded TP AndroidTargetPlatform
[2018.10.05-02.01.18:771][  0]LogTemp: Display: Loaded TP AndroidTargetPlatform
[2018.10.05-02.01.18:771][  0]LogTemp: Display: Loaded TP AndroidTargetPlatform
[2018.10.05-02.01.18:771][  0]LogTemp: Display: Loaded TP AndroidTargetPlatform
[2018.10.05-02.01.18:771][  0]LogTemp: Display: Loaded TP AndroidTargetPlatform
[2018.10.05-02.01.18:772][  0]LogTemp: Display: Loaded TP AndroidTargetPlatform
[2018.10.05-02.01.18:772][  0]LogTemp: Display: Loaded TP AndroidTargetPlatform
[2018.10.05-02.01.18:772][  0]LogTemp: Display: Loaded TP AndroidTargetPlatform
[2018.10.05-02.01.18:772][  0]LogTemp: Display: Loaded TP AndroidTargetPlatform
[2018.10.05-02.01.18:772][  0]LogTemp: Display: Loaded TP AndroidTargetPlatform
[2018.10.05-02.01.18:772][  0]LogTemp: Display: Loaded TP AndroidTargetPlatform
[2018.10.05-02.01.18:772][  0]LogTemp: Display: Loaded TP AndroidTargetPlatform
[2018.10.05-02.01.18:772][  0]LogTemp: Display: Loaded TP AndroidTargetPlatform
[2018.10.05-02.01.18:772][  0]LogTemp: Display: Loaded TP AndroidTargetPlatform
[2018.10.05-02.01.18:772][  0]LogTemp: Display: Loaded TP AndroidTargetPlatform
[2018.10.05-02.01.18:772][  0]LogTemp: Display: Loaded TP HTML5TargetPlatform
[2018.10.05-02.01.18:827][  0]LogTemp: Display: Loaded TP IOSTargetPlatform
[2018.10.05-02.01.18:827][  0]LogTemp: Display: Loaded TP IOSTargetPlatform
[2018.10.05-02.01.18:845][  0]LogTemp: Display: Loaded TP TVOSTargetPlatform
[2018.10.05-02.01.18:845][  0]LogTemp: Display: Loaded TP TVOSTargetPlatform
[2018.10.05-02.01.18:855][  0]LogTemp: Display: Loaded TP LinuxClientTargetPlatform
[2018.10.05-02.01.18:865][  0]LogTemp: Display: Loaded TP LinuxNoEditorTargetPlatform
[2018.10.05-02.01.18:874][  0]LogTemp: Display: Loaded TP LinuxServerTargetPlatform
[2018.10.05-02.01.18:885][  0]LogTemp: Display: Loaded TP LinuxTargetPlatform
[2018.10.05-02.01.18:892][  0]LogTemp: Display: Loaded TP LuminTargetPlatform
[2018.10.05-02.01.18:892][  0]LogTargetPlatformManager: Display: Building Assets For Windows
[2018.10.05-02.01.18:934][  0]LogXGEController: Cleaning working directory: C:/Users/sapienfm/AppData/Local/Temp/UnrealXGEWorkingDir/
[2018.10.05-02.01.18:935][  0]LogXGEController: Cannot use XGE Controller as Incredibuild is not installed on this machine.
[2018.10.05-02.01.18:935][  0]LogShaderCompilers: Cannot use XGE Shader Compiler as Incredibuild is not installed on this machine.
[2018.10.05-02.01.18:935][  0]LogShaderCompilers: Display: Using Local Shader Compiler.
[2018.10.05-02.01.19:478][  0]LogDerivedDataCache: Display: Max Cache Size: 512 MB
[2018.10.05-02.01.19:510][  0]LogDerivedDataCache: Loaded boot cache 0.03s 71MB C:/Users/sapienfm/AppData/Local/UnrealEngine/4.20/DerivedDataCache/Boot.ddc.
[2018.10.05-02.01.19:510][  0]LogDerivedDataCache: Display: Loaded Boot cache: C:/Users/sapienfm/AppData/Local/UnrealEngine/4.20/DerivedDataCache/Boot.ddc
[2018.10.05-02.01.19:510][  0]LogDerivedDataCache: FDerivedDataBackendGraph:  Pak pak cache file ../../../../../../Users/sapienfm/Documents/GitHub/DeltaScar/DeltaScarMap/Delta_Scar_Map/DerivedDataCache/DDC.ddp not found, will not use a pak cache.
[2018.10.05-02.01.19:510][  0]LogDerivedDataCache: Unable to find inner node Pak for hierarchical cache Hierarchy.
[2018.10.05-02.01.19:510][  0]LogDerivedDataCache: FDerivedDataBackendGraph:  CompressedPak pak cache file ../../../../../../Users/sapienfm/Documents/GitHub/DeltaScar/DeltaScarMap/Delta_Scar_Map/DerivedDataCache/Compressed.ddp not found, will not use a pak cache.
[2018.10.05-02.01.19:510][  0]LogDerivedDataCache: Unable to find inner node CompressedPak for hierarchical cache Hierarchy.
[2018.10.05-02.01.19:521][  0]LogDerivedDataCache: Display: Pak cache opened for reading ../../../Engine/DerivedDataCache/Compressed.ddp.
[2018.10.05-02.01.19:532][  0]LogDerivedDataCache: Using Local data cache path C:/Users/sapienfm/AppData/Local/UnrealEngine/Common/DerivedDataCache: Writable
[2018.10.05-02.01.19:532][  0]LogDerivedDataCache: Shared data cache path not found in *engine.ini, will not use an Shared cache.
[2018.10.05-02.01.19:532][  0]LogDerivedDataCache: Unable to find inner node Shared for hierarchical cache Hierarchy.
[2018.10.05-02.01.19:561][  0]LogMaterial: Verifying Global Shaders for PCD3D_SM5
[2018.10.05-02.01.19:562][  0]LogSlate: Using FreeType 2.6.0
[2018.10.05-02.01.19:563][  0]LogSlate: SlateFontServices - WITH_FREETYPE: 1, WITH_HARFBUZZ: 1
[2018.10.05-02.01.19:625][  0]LogAssetRegistry: FAssetRegistry took 0.0246 seconds to start up
[2018.10.05-02.01.19:903][  0]LogInit: Selected Device Profile: [Windows]
[2018.10.05-02.01.20:019][  0]LogSimplygon: Simplygon DLL not present - disabling.
[2018.10.05-02.01.20:022][  0]LogMeshReduction: Using SimplygonSwarm for distributed automatic mesh merging
[2018.10.05-02.01.20:022][  0]LogMeshReduction: Using ProxyLODMeshReduction for automatic mesh merging
[2018.10.05-02.01.20:022][  0]LogMeshReduction: Using QuadricMeshReduction for automatic static mesh reduction
[2018.10.05-02.01.20:022][  0]LogMeshReduction: No automatic skeletal mesh reduction module available
[2018.10.05-02.01.20:038][  0]LogNetVersion: Delta_Scar_Map 1.0.0, NetCL: 4212847, EngineNetVer: 5, GameNetVer: 0 (Checksum: 2686675077)
[2018.10.05-02.01.20:576][  0]LogPackageLocalizationCache: Processed 11 localized package path(s) for 2 prioritized culture(s) in 0.081552 seconds
[2018.10.05-02.01.20:584][  0]LogUObjectArray: 38425 objects as part of root set at end of initial load.
[2018.10.05-02.01.20:584][  0]LogUObjectAllocator: 6690872 out of 0 bytes used by permanent object pool.
[2018.10.05-02.01.20:584][  0]LogUObjectArray: CloseDisregardForGC: 0/0 objects in disregard for GC pool
[2018.10.05-02.01.21:296][  0]LogTcpMessaging: Initializing TcpMessaging bridge
[2018.10.05-02.01.21:308][  0]LogUdpMessaging: Initializing bridge on interface 0.0.0.0:0 to multicast group 230.0.0.1:6666.
[2018.10.05-02.01.21:437][  0]SourceControl: Source control is disabled
[2018.10.05-02.01.21:437][  0]SourceControl: Source control is disabled
[2018.10.05-02.01.21:438][  0]SourceControl: Source control is disabled
[2018.10.05-02.01.21:439][  0]SourceControl: Source control is disabled
[2018.10.05-02.01.21:576][  0]LogAndroidPermission: UAndroidPermissionCallbackProxy::GetInstance
[2018.10.05-02.01.21:642][  0]LogOcInput: OculusInput pre-init called
[2018.10.05-02.01.21:695][  0]LogEngine: Initializing Engine...
[2018.10.05-02.01.21:695][  0]LogHMD: Failed to initialize OpenVR with code 110
[2018.10.05-02.01.21:696][  0]LogStats: UGameplayTagsManager::ConstructGameplayTagTree: ImportINI prefixes -  0.000 s
[2018.10.05-02.01.21:696][  0]LogStats: UGameplayTagsManager::ConstructGameplayTagTree: Construct from data asset -  0.000 s
[2018.10.05-02.01.21:696][  0]LogStats: UGameplayTagsManager::ConstructGameplayTagTree: ImportINI -  0.000 s
[2018.10.05-02.01.21:696][  0]LogStats: UGameplayTagsManager::ConstructGameplayTagTree: GameplayTagTreeChangedEvent.Broadcast -  0.000 s
[2018.10.05-02.01.22:000][  0]LogInit: Initializing FReadOnlyCVARCache
[2018.10.05-02.01.22:013][  0]LogAIModule: Creating AISystem for world Untitled
[2018.10.05-02.01.22:029][  0]LogInit: XAudio2 using 'Dell S2417DG (NVIDIA High Definition Audio)' : 2 channels at 48 kHz using 16 bits per sample (channel mask 0x3)
[2018.10.05-02.01.22:105][  0]LogInit: FAudioDevice initialized.
[2018.10.05-02.01.22:105][  0]LogNetVersion: Set ProjectVersion to 1.0.0.0. Version Checksum will be recalculated on next use.
[2018.10.05-02.01.22:149][  0]LogDerivedDataCache: Saved boot cache 0.04s 71MB C:/Users/sapienfm/AppData/Local/UnrealEngine/4.20/DerivedDataCache/Boot.ddc.
[2018.10.05-02.01.22:152][  0]LogInit: Texture streaming: Enabled
[2018.10.05-02.01.22:165][  0]LogEngineSessionManager: EngineSessionManager initialized
[2018.10.05-02.01.22:190][  0]LogInit: Transaction tracking system initialized
[2018.10.05-02.01.22:205][  0]BlueprintLog: New page: Editor Load
[2018.10.05-02.01.22:258][  0]LocalizationService: Localization service is disabled
[2018.10.05-02.01.22:494][  0]LogCook: Display: Max memory allowance for cook 16384mb min free memory 0mb
[2018.10.05-02.01.22:494][  0]LogCook: Display: Mobile HDR setting 1
[2018.10.05-02.01.22:494][  0]LogGameplayTags: Display: UGameplayTagsManager::DoneAddingNativeTags. DelegateIsBound: 0
[2018.10.05-02.01.22:494][  0]LogStats: UGameplayTagsManager::ConstructGameplayTagTree: ImportINI prefixes -  0.000 s
[2018.10.05-02.01.22:494][  0]LogStats: UGameplayTagsManager::ConstructGameplayTagTree: Construct from data asset -  0.000 s
[2018.10.05-02.01.22:494][  0]LogStats: UGameplayTagsManager::ConstructGameplayTagTree: ImportINI -  0.000 s
[2018.10.05-02.01.22:494][  0]LogStats: UGameplayTagsManager::ConstructGameplayTagTree: GameplayTagTreeChangedEvent.Broadcast -  0.000 s
[2018.10.05-02.01.22:581][  0]LogFileCache: Scanning file cache for directory 'C:/Users/sapienfm/Documents/GitHub/DeltaScar/DeltaScarMap/Delta_Scar_Map/Content/' took 0.01s
[2018.10.05-02.01.22:581][  0]SourceControl: Source control is disabled
[2018.10.05-02.01.22:581][  0]Cmd: MAP LOAD FILE="../../../Engine/Content/Maps/Templates/Template_Default.umap" TEMPLATE=1 SHOWPROGRESS=1 FEATURELEVEL=3
[2018.10.05-02.01.22:582][  0]LightingResults: New page: Lighting Build
[2018.10.05-02.01.22:583][  0]MapCheck: New page: Map Check
[2018.10.05-02.01.22:583][  0]LightingResults: New page: Lighting Build
[2018.10.05-02.01.22:748][  0]LogAIModule: Creating AISystem for world Untitled_1
[2018.10.05-02.01.22:753][  0]LogEditorServer: Finished looking for orphan Actors (0.000 secs)
[2018.10.05-02.01.22:772][  0]Cmd: MAP CHECKDEP NOCLEARLOG
[2018.10.05-02.01.22:810][  0]MapCheck: Map check complete: 0 Error(s), 0 Warning(s), took 37.011ms to complete.
[2018.10.05-02.01.22:810][  0]LogFileHelpers: Loading map 'Template_Default' took 0.228
[2018.10.05-02.01.22:896][  0]LogSlate: Updating window title bar state: overlay mode, drag disabled, window buttons hidden, title bar hidden
[2018.10.05-02.01.22:902][  0]LogSlate: Updating window title bar state: overlay mode, drag disabled, window buttons hidden, title bar hidden
[2018.10.05-02.01.22:908][  0]LogSlate: Updating window title bar state: overlay mode, drag disabled, window buttons hidden, title bar hidden
[2018.10.05-02.01.22:914][  0]LogSlate: Updating window title bar state: overlay mode, drag disabled, window buttons hidden, title bar hidden
[2018.10.05-02.01.22:919][  0]LogCollectionManager: Loaded 0 collections in 0.001240 seconds
[2018.10.05-02.01.22:963][  0]LogFileCache: Scanning file cache for directory 'C:/Users/sapienfm/Documents/GitHub/DeltaScar/DeltaScarMap/Delta_Scar_Map/Saved/Collections/' took 0.01s
[2018.10.05-02.01.22:963][  0]LogFileCache: Scanning file cache for directory 'C:/Users/sapienfm/Documents/GitHub/DeltaScar/DeltaScarMap/Delta_Scar_Map/Content/Developers/sapienfm/Collections/' took 0.01s
[2018.10.05-02.01.22:963][  0]LogFileCache: Scanning file cache for directory 'C:/Users/sapienfm/Documents/GitHub/DeltaScar/DeltaScarMap/Delta_Scar_Map/Content/Collections/' took 0.01s
[2018.10.05-02.01.22:963][  0]LogCollectionManager: Rebuilt the GUID cache for 0 collections in 0.000000 seconds
[2018.10.05-02.01.22:970][  0]LogContentBrowser: Native class hierarchy populated in 0.0075 seconds. Added 2572 classes and 603 folders.
[2018.10.05-02.01.22:975][  0]LogContentBrowser: Native class hierarchy updated for 'WidgetCarousel' in 0.0002 seconds. Added 0 classes and 0 folders.
[2018.10.05-02.01.23:007][  0]LogContentBrowser: Native class hierarchy updated for 'AddContentDialog' in 0.0002 seconds. Added 0 classes and 0 folders.
[2018.10.05-02.01.23:010][  0]LogContentBrowser: Native class hierarchy updated for 'SceneOutliner' in 0.0002 seconds. Added 1 classes and 2 folders.
[2018.10.05-02.01.23:049][  0]LogContentBrowser: Native class hierarchy updated for 'HierarchicalLODOutliner' in 0.0002 seconds. Added 0 classes and 0 folders.
[2018.10.05-02.01.23:049][  0]LogLoad: (Engine Initialization) Total time: 6.62 seconds
[2018.10.05-02.01.23:049][  0]LogLoad: (Engine Initialization) Total Blueprint compile time: 0.00 seconds
[2018.10.05-02.01.23:059][  0]LogWindowsTextInputMethodSystem: Display: IME system now deactivated.
[2018.10.05-02.01.23:077][  0]LogAssetRegistry: Asset discovery search completed in 3.4744 seconds
[2018.10.05-02.01.23:079][  0]LogCollectionManager: Rebuilt the object cache for 0 collections in 0.000000 seconds (found 0 objects)
[2018.10.05-02.01.23:079][  0]LogCollectionManager: Fixed up redirectors for 0 collections in 0.000033 seconds (updated 0 objects)
[2018.10.05-02.01.23:080][  0]LogContentStreaming: Texture pool size now 3000 MB
[2018.10.05-02.01.23:085][  0]LogSlate: Took 0.000128 seconds to synchronously load lazily loaded font '../../../Engine/Content/Slate/Fonts/Roboto-Regular.ttf' (155K)
[2018.10.05-02.01.23:087][  0]LogSlate: Took 0.000216 seconds to synchronously load lazily loaded font '../../../Engine/Content/Slate/Fonts/Roboto-Bold.ttf' (160K)
[2018.10.05-02.01.23:090][  0]LogSlate: Took 0.000102 seconds to synchronously load lazily loaded font '../../../Engine/Content/Editor/Slate/Fonts/FontAwesome.ttf' (139K)
[2018.10.05-02.01.23:206][  2]LogRenderer: Reallocating scene render targets to support 800x380 Format 10 NumSamples 1 (Frame:1).
[2018.10.05-02.01.24:342][ 88]LogSlate: Took 0.000176 seconds to synchronously load lazily loaded font '../../../Engine/Content/Slate/Fonts/Roboto-Light.ttf' (167K)
[2018.10.05-02.01.24:344][ 88]LogSlate: FSceneViewport::OnFocusLost() reason 2
[2018.10.05-02.01.24:348][ 88]LogAssetEditorManager: Opening Asset editor for Blueprint /Game/FbxScene_Caed.FbxScene_Caed
[2018.10.05-02.01.24:716][ 88]LogContentBrowser: Native class hierarchy updated for 'BlueprintGraph' in 0.0005 seconds. Added 116 classes and 0 folders.
[2018.10.05-02.01.25:580][ 88]LogSlate: Took 0.000148 seconds to synchronously load lazily loaded font '../../../Engine/Content/Slate/Fonts/Roboto-BoldCondensed.ttf' (158K)
[2018.10.05-02.01.28:641][448]LogSlate: Window 'FbxScene_Caed' being destroyed
[2018.10.05-02.01.29:200][515]LogSlate: FSceneViewport::OnFocusLost() reason 0
[2018.10.05-02.06.35:076][  1]LogSlate: Window 'Delta_Scar_Map - Unreal Editor' being destroyed
[2018.10.05-02.06.35:076][  1]LogWindowsTextInputMethodSystem: Display: IME system now deactivated.
[2018.10.05-02.06.35:237][  2]Cmd: QUIT_EDITOR
[2018.10.05-02.06.35:273][  2]LogExit: Preparing to exit.
[2018.10.05-02.06.35:499][  2]LogExit: Editor shut down
[2018.10.05-02.06.35:499][  2]LogExit: Transaction tracking system shut down
[2018.10.05-02.06.35:905][  2]LogExit: Object subsystem successfully closed.
[2018.10.05-02.06.35:913][  2]LogShaderCompilers: Display: Shaders left to compile 0
[2018.10.05-02.06.35:915][  2]LogD3D11RHI: Shutdown
[2018.10.05-02.06.35:915][  2]LogD3D11RHI: CleanupD3DDevice
[2018.10.05-02.06.35:916][  2]LogD3D11RHI: ~FD3D11DynamicRHI
[2018.10.05-02.06.35:925][  2]LogModuleManager: Shutting down and abandoning module BlueprintGraph (614)
[2018.10.05-02.06.35:925][  2]LogModuleManager: Shutting down and abandoning module HierarchicalLODOutliner (612)
[2018.10.05-02.06.35:925][  2]LogModuleManager: Shutting down and abandoning module SceneOutliner (610)
[2018.10.05-02.06.35:925][  2]LogModuleManager: Shutting down and abandoning module AddContentDialog (608)
[2018.10.05-02.06.35:925][  2]LogModuleManager: Shutting down and abandoning module WidgetCarousel (607)
[2018.10.05-02.06.35:925][  2]LogModuleManager: Shutting down and abandoning module EditorWidgets (604)
[2018.10.05-02.06.35:925][  2]LogModuleManager: Shutting down and abandoning module CollectionManager (602)
[2018.10.05-02.06.35:925][  2]LogModuleManager: Shutting down and abandoning module HierarchicalLODUtilities (600)
[2018.10.05-02.06.35:925][  2]LogModuleManager: Shutting down and abandoning module StatsViewer (598)
[2018.10.05-02.06.35:925][  2]LogModuleManager: Shutting down and abandoning module FoliageEdit (596)
[2018.10.05-02.06.35:925][  2]LogModuleManager: Shutting down and abandoning module LandscapeEditor (594)
[2018.10.05-02.06.35:926][  2]LogModuleManager: Shutting down and abandoning module MeshPaintMode (592)
[2018.10.05-02.06.35:926][  2]LogModuleManager: Shutting down and abandoning module SceneDepthPickerMode (590)
[2018.10.05-02.06.35:926][  2]LogModuleManager: Shutting down and abandoning module ActorPickerMode (588)
[2018.10.05-02.06.35:926][  2]LogModuleManager: Shutting down and abandoning module GeometryMode (586)
[2018.10.05-02.06.35:926][  2]LogModuleManager: Shutting down and abandoning module TextureAlignMode (584)
[2018.10.05-02.06.35:926][  2]LogModuleManager: Shutting down and abandoning module BspMode (582)
[2018.10.05-02.06.35:926][  2]LogModuleManager: Shutting down and abandoning module PIEPreviewDeviceProfileSelector (580)
[2018.10.05-02.06.35:926][  2]LogModuleManager: Shutting down and abandoning module SequenceRecorderSections (578)
[2018.10.05-02.06.35:926][  2]LogModuleManager: Shutting down and abandoning module AutomationWorker (576)
[2018.10.05-02.06.35:926][  2]LogModuleManager: Shutting down and abandoning module AudioCaptureEditor (574)
[2018.10.05-02.06.35:926][  2]LogModuleManager: Shutting down and abandoning module SequenceRecorder (573)
[2018.10.05-02.06.35:926][  2]LogModuleManager: Shutting down and abandoning module MatineeToLevelSequence (570)
[2018.10.05-02.06.35:926][  2]LogModuleManager: Shutting down and abandoning module LevelSequenceEditor (568)
[2018.10.05-02.06.35:926][  2]LogModuleManager: Shutting down and abandoning module PlacementMode (567)
[2018.10.05-02.06.35:926][  2]LogModuleManager: Shutting down and abandoning module MaterialEditor (566)
[2018.10.05-02.06.35:926][  2]LogModuleManager: Shutting down and abandoning module WmfMediaFactory (562)
[2018.10.05-02.06.35:926][  2]LogModuleManager: Shutting down and abandoning module WmfMediaEditor (560)
[2018.10.05-02.06.35:926][  2]LogModuleManager: Shutting down and abandoning module MediaPlayerEditor (558)
[2018.10.05-02.06.35:926][  2]LogModuleManager: Shutting down and abandoning module OpenExrWrapper (556)
[2018.10.05-02.06.35:926][  2]LogModuleManager: Shutting down and abandoning module ImgMediaFactory (554)
[2018.10.05-02.06.35:926][  2]LogModuleManager: Shutting down and abandoning module ImgMediaEditor (552)
[2018.10.05-02.06.35:926][  2]LogModuleManager: Shutting down and abandoning module AvfMediaFactory (550)
[2018.10.05-02.06.35:926][  2]LogModuleManager: Shutting down and abandoning module AvfMediaEditor (548)
[2018.10.05-02.06.35:926][  2]LogModuleManager: Shutting down and abandoning module AndroidMediaFactory (546)
[2018.10.05-02.06.35:926][  2]LogModuleManager: Shutting down and abandoning module AndroidMediaEditor (544)
[2018.10.05-02.06.35:926][  2]LogModuleManager: Shutting down and abandoning module MagicLeapCameraPreviewFactory (542)
[2018.10.05-02.06.35:926][  2]LogModuleManager: Shutting down and abandoning module MagicLeapMediaFactory (540)
[2018.10.05-02.06.35:926][  2]LogModuleManager: Shutting down and abandoning module MagicLeapMediaEditor (538)
[2018.10.05-02.06.35:926][  2]LogModuleManager: Shutting down and abandoning module CharacterAI (536)
[2018.10.05-02.06.35:926][  2]LogModuleManager: Shutting down and abandoning module SmartSnapping (534)
[2018.10.05-02.06.35:926][  2]LogModuleManager: Shutting down and abandoning module SessionServices (532)
[2018.10.05-02.06.35:926][  2]LogModuleManager: Shutting down and abandoning module ViewportSnapping (530)
[2018.10.05-02.06.35:926][  2]LogModuleManager: Shutting down and abandoning module ViewportInteraction (528)
[2018.10.05-02.06.35:926][  2]LogModuleManager: Shutting down and abandoning module ClothPainter (526)
[2018.10.05-02.06.35:926][  2]LogModuleManager: Shutting down and abandoning module SkeletalMeshEditor (525)
[2018.10.05-02.06.35:926][  2]LogModuleManager: Shutting down and abandoning module LogVisualizer (522)
[2018.10.05-02.06.35:926][  2]LogModuleManager: Shutting down and abandoning module IntroTutorials (520)
[2018.10.05-02.06.35:926][  2]LogModuleManager: Shutting down and abandoning module GameProjectGeneration (519)
[2018.10.05-02.06.35:926][  2]LogModuleManager: Shutting down and abandoning module LuminPlatformEditor (516)
[2018.10.05-02.06.35:926][  2]LogModuleManager: Shutting down and abandoning module IOSPlatformEditor (514)
[2018.10.05-02.06.35:926][  2]LogModuleManager: Shutting down and abandoning module HTML5PlatformEditor (512)
[2018.10.05-02.06.35:926][  2]LogModuleManager: Shutting down and abandoning module AndroidPlatformEditor (510)
[2018.10.05-02.06.35:926][  2]LogModuleManager: Shutting down and abandoning module AndroidDeviceDetection (509)
[2018.10.05-02.06.36:462][  2]LogModuleManager: Shutting down and abandoning module WindowsPlatformEditor (506)
[2018.10.05-02.06.36:462][  2]LogModuleManager: Shutting down and abandoning module LuminRuntimeSettings (504)
[2018.10.05-02.06.36:462][  2]LogModuleManager: Shutting down and abandoning module IOSRuntimeSettings (502)
[2018.10.05-02.06.36:462][  2]LogModuleManager: Shutting down and abandoning module AndroidRuntimeSettings (500)
[2018.10.05-02.06.36:462][  2]LogModuleManager: Shutting down and abandoning module InputBindingEditor (498)
[2018.10.05-02.06.36:462][  2]LogModuleManager: Shutting down and abandoning module MergeActors (496)
[2018.10.05-02.06.36:462][  2]LogModuleManager: Shutting down and abandoning module LocalizationDashboard (494)
[2018.10.05-02.06.36:462][  2]LogModuleManager: Shutting down and abandoning module LocalizationService (493)
[2018.10.05-02.06.36:463][  2]LogModuleManager: Shutting down and abandoning module HardwareTargeting (490)
[2018.10.05-02.06.36:463][  2]LogModuleManager: Shutting down and abandoning module DeviceProfileEditor (488)
[2018.10.05-02.06.36:463][  2]LogModuleManager: Shutting down and abandoning module UndoHistory (486)
[2018.10.05-02.06.36:463][  2]LogModuleManager: Shutting down and abandoning module XmlParser (484)
[2018.10.05-02.06.36:463][  2]LogModuleManager: Shutting down and abandoning module Blutility (482)
[2018.10.05-02.06.36:463][  2]LogModuleManager: Shutting down and abandoning module ProjectSettingsViewer (480)
[2018.10.05-02.06.36:463][  2]LogModuleManager: Shutting down and abandoning module ProjectTargetPlatformEditor (479)
[2018.10.05-02.06.36:463][  2]LogModuleManager: Shutting down and abandoning module EditorSettingsViewer (476)
[2018.10.05-02.06.36:463][  2]LogModuleManager: Shutting down and abandoning module SettingsEditor (474)
[2018.10.05-02.06.36:463][  2]LogModuleManager: Shutting down and abandoning module ProjectLauncher (472)
[2018.10.05-02.06.36:463][  2]LogModuleManager: Shutting down and abandoning module SessionFrontend (470)
[2018.10.05-02.06.36:463][  2]LogModuleManager: Shutting down and abandoning module ProfilerClient (468)
[2018.10.05-02.06.36:463][  2]LogModuleManager: Shutting down and abandoning module DeviceManager (466)
[2018.10.05-02.06.36:463][  2]LogModuleManager: Shutting down and abandoning module TargetDeviceServices (465)
[2018.10.05-02.06.36:517][  2]LogModuleManager: Shutting down and abandoning module AutomationController (462)
[2018.10.05-02.06.36:517][  2]LogModuleManager: Shutting down and abandoning module AutomationWindow (460)
[2018.10.05-02.06.36:517][  2]LogModuleManager: Shutting down and abandoning module Layers (458)
[2018.10.05-02.06.36:517][  2]LogModuleManager: Shutting down and abandoning module ComponentVisualizers (456)
[2018.10.05-02.06.36:517][  2]LogModuleManager: Shutting down and abandoning module DetailCustomizations (454)
[2018.10.05-02.06.36:517][  2]LogModuleManager: Shutting down and abandoning module PackagesDialog (452)
[2018.10.05-02.06.36:517][  2]LogModuleManager: Shutting down and abandoning module Persona (450)
[2018.10.05-02.06.36:517][  2]LogModuleManager: Shutting down and abandoning module AdvancedPreviewScene (449)
[2018.10.05-02.06.36:518][  2]LogModuleManager: Shutting down and abandoning module AnimGraph (447)
[2018.10.05-02.06.36:518][  2]LogModuleManager: Shutting down and abandoning module Kismet (444)
[2018.10.05-02.06.36:523][  2]LogModuleManager: Shutting down and abandoning module GraphEditor (442)
[2018.10.05-02.06.36:524][  2]LogModuleManager: Shutting down and abandoning module ClassViewer (440)
[2018.10.05-02.06.36:524][  2]LogModuleManager: Shutting down and abandoning module Toolbox (438)
[2018.10.05-02.06.36:524][  2]LogModuleManager: Shutting down and abandoning module ModuleUI (436)
[2018.10.05-02.06.36:524][  2]LogModuleManager: Shutting down and abandoning module MovieSceneTools (434)
[2018.10.05-02.06.36:524][  2]LogModuleManager: Shutting down and abandoning module OutputLog (432)
[2018.10.05-02.06.36:524][  2]LogModuleManager: Shutting down and abandoning module GammaUI (430)
[2018.10.05-02.06.36:524][  2]LogModuleManager: Shutting down and abandoning module Documentation (428)
[2018.10.05-02.06.36:524][  2]LogModuleManager: Shutting down and abandoning module MovieSceneTracks (426)
[2018.10.05-02.06.36:524][  2]LogModuleManager: Shutting down and abandoning module MovieScene (424)
[2018.10.05-02.06.36:524][  2]LogModuleManager: Shutting down and abandoning module StreamingPauseRendering (422)
[2018.10.05-02.06.36:524][  2]LogModuleManager: Shutting down and abandoning module LauncherPlatform (420)
[2018.10.05-02.06.36:524][  2]LogModuleManager: Shutting down and abandoning module AnalyticsET (418)
[2018.10.05-02.06.36:524][  2]LogModuleManager: Shutting down and abandoning module PortalServices (416)
[2018.10.05-02.06.36:524][  2]LogModuleManager: Shutting down and abandoning module PortalRpc (414)
[2018.10.05-02.06.36:524][  2]LogModuleManager: Shutting down and abandoning module MessagingRpc (412)
[2018.10.05-02.06.36:524][  2]LogModuleManager: Shutting down and abandoning module AIModule (410)
[2018.10.05-02.06.36:524][  2]LogModuleManager: Shutting down and abandoning module GameplayDebugger (409)
[2018.10.05-02.06.36:524][  2]LogModuleManager: Shutting down and abandoning module AITestSuite (407)
[2018.10.05-02.06.36:524][  2]LogModuleManager: Shutting down and abandoning module NavigationSystem (405)
[2018.10.05-02.06.36:524][  2]LogModuleManager: Shutting down and abandoning module DesktopPlatform (402)
[2018.10.05-02.06.36:524][  2]LogModuleManager: Shutting down and abandoning module ProfilerService (400)
[2018.10.05-02.06.36:532][  2]LogModuleManager: Shutting down and abandoning module TaskGraph (398)
[2018.10.05-02.06.36:532][  2]LogModuleManager: Shutting down and abandoning module SteamVRController (396)
[2018.10.05-02.06.36:532][  2]LogModuleManager: Shutting down and abandoning module ProceduralMeshComponentEditor (394)
[2018.10.05-02.06.36:532][  2]LogModuleManager: Shutting down and abandoning module ProceduralMeshComponent (392)
[2018.10.05-02.06.36:532][  2]LogModuleManager: Shutting down and abandoning module OculusInput (390)
[2018.10.05-02.06.36:532][  2]LogModuleManager: Shutting down and abandoning module MobilePatchingUtils (388)
[2018.10.05-02.06.36:532][  2]LogModuleManager: Shutting down and abandoning module EditableMesh (386)
[2018.10.05-02.06.36:532][  2]LogModuleManager: Shutting down and abandoning module CustomMeshComponent (384)
[2018.10.05-02.06.36:532][  2]LogModuleManager: Shutting down and abandoning module CableComponent (382)
[2018.10.05-02.06.36:533][  2]LogModuleManager: Shutting down and abandoning module AudioCapture (380)
[2018.10.05-02.06.36:533][  2]LogModuleManager: Shutting down and abandoning module ArchVisCharacter (378)
[2018.10.05-02.06.36:533][  2]LogModuleManager: Shutting down and abandoning module AndroidPermission (376)
[2018.10.05-02.06.36:533][  2]LogModuleManager: Shutting down and abandoning module NUTUnrealEngine4 (374)
[2018.10.05-02.06.36:533][  2]LogModuleManager: Shutting down and abandoning module NetcodeUnitTest (372)
[2018.10.05-02.06.36:533][  2]LogModuleManager: Shutting down and abandoning module MediaCompositingEditor (370)
[2018.10.05-02.06.36:533][  2]LogModuleManager: Shutting down and abandoning module MediaCompositing (368)
[2018.10.05-02.06.36:533][  2]LogModuleManager: Shutting down and abandoning module LinearTimecode (366)
[2018.10.05-02.06.36:533][  2]LogModuleManager: Shutting down and abandoning module ImgMedia (364)
[2018.10.05-02.06.36:541][  2]LogModuleManager: Shutting down and abandoning module HTML5Networking (362)
[2018.10.05-02.06.36:541][  2]LogModuleManager: Shutting down and abandoning module GeometryCacheTracks (360)
[2018.10.05-02.06.36:541][  2]LogModuleManager: Shutting down and abandoning module GeometryCacheSequencer (358)
[2018.10.05-02.06.36:541][  2]LogModuleManager: Shutting down and abandoning module BackChannel (356)
[2018.10.05-02.06.36:541][  2]LogModuleManager: Shutting down and abandoning module AppleVision (354)
[2018.10.05-02.06.36:541][  2]LogModuleManager: Shutting down and abandoning module AppleImageUtils (352)
[2018.10.05-02.06.36:541][  2]LogModuleManager: Shutting down and abandoning module AlembicImporter (350)
[2018.10.05-02.06.36:541][  2]LogModuleManager: Shutting down and abandoning module AlembicLibrary (349)
[2018.10.05-02.06.36:542][  2]LogModuleManager: Shutting down and abandoning module GeometryCache (348)
[2018.10.05-02.06.36:542][  2]LogModuleManager: Shutting down and abandoning module GeometryCacheEd (347)
[2018.10.05-02.06.36:542][  2]LogModuleManager: Shutting down and abandoning module DatasmithContentEditor (342)
[2018.10.05-02.06.36:542][  2]LogModuleManager: Shutting down and abandoning module DatasmithContent (340)
[2018.10.05-02.06.36:543][  2]LogModuleManager: Shutting down and abandoning module SpeedTreeImporter (338)
[2018.10.05-02.06.36:543][  2]LogModuleManager: Shutting down and abandoning module PluginBrowser (336)
[2018.10.05-02.06.36:543][  2]LogModuleManager: Shutting down and abandoning module MobileLauncherProfileWizard (334)
[2018.10.05-02.06.36:543][  2]LogModuleManager: Shutting down and abandoning module PolygonModeling (332)
[2018.10.05-02.06.36:543][  2]LogModuleManager: Shutting down and abandoning module MeshEditor (330)
[2018.10.05-02.06.36:543][  2]LogModuleManager: Shutting down and abandoning module CryptoKeysOpenSSL (328)
[2018.10.05-02.06.36:543][  2]LogModuleManager: Shutting down and abandoning module CryptoKeys (326)
[2018.10.05-02.06.36:543][  2]LogModuleManager: Shutting down and abandoning module VisualStudioSourceCodeAccess (324)
[2018.10.05-02.06.36:544][  2]LogModuleManager: Shutting down and abandoning module VisualStudioCodeSourceCodeAccess (322)
[2018.10.05-02.06.36:544][  2]LogModuleManager: Shutting down and abandoning module UObjectPlugin (320)
[2018.10.05-02.06.36:544][  2]LogModuleManager: Shutting down and abandoning module SubversionSourceControl (318)
[2018.10.05-02.06.36:544][  2]LogModuleManager: Shutting down and abandoning module PerforceSourceControl (316)
[2018.10.05-02.06.36:544][  2]LogModuleManager: Shutting down and abandoning module GitSourceControl (314)
[2018.10.05-02.06.36:544][  2]LogModuleManager: Shutting down and abandoning module SourceControl (313)
[2018.10.05-02.06.36:544][  2]LogModuleManager: Shutting down and abandoning module CLionSourceCodeAccess (310)
[2018.10.05-02.06.36:544][  2]LogModuleManager: Shutting down and abandoning module LightPropagationVolumeEditor (308)
[2018.10.05-02.06.36:544][  2]LogModuleManager: Shutting down and abandoning module PaperTiledImporter (306)
[2018.10.05-02.06.36:544][  2]LogModuleManager: Shutting down and abandoning module PaperSpriteSheetImporter (304)
[2018.10.05-02.06.36:544][  2]LogModuleManager: Shutting down and abandoning module Paper2DEditor (302)
[2018.10.05-02.06.36:544][  2]LogModuleManager: Shutting down and abandoning module MeshPaint (301)
[2018.10.05-02.06.36:545][  2]LogModuleManager: Shutting down and abandoning module RuntimePhysXCooking (298)
[2018.10.05-02.06.36:545][  2]LogModuleManager: Shutting down and abandoning module PhysXVehiclesEditor (296)
[2018.10.05-02.06.36:545][  2]LogModuleManager: Shutting down and abandoning module PhysXVehicles (294)
[2018.10.05-02.06.36:545][  2]LogModuleManager: Shutting down and abandoning module OculusEditor (292)
[2018.10.05-02.06.36:545][  2]LogModuleManager: Shutting down and abandoning module LocationServicesBPLibrary (290)
[2018.10.05-02.06.36:545][  2]LogModuleManager: Shutting down and abandoning module ImmediatePhysicsEditor (288)
[2018.10.05-02.06.36:545][  2]LogModuleManager: Shutting down and abandoning module ImmediatePhysics (286)
[2018.10.05-02.06.36:545][  2]LogModuleManager: Shutting down and abandoning module ActorSequence (284)
[2018.10.05-02.06.36:545][  2]LogModuleManager: Shutting down and abandoning module UdpMessaging (282)
[2018.10.05-02.06.36:646][  2]LogModuleManager: Shutting down and abandoning module TcpMessaging (280)
[2018.10.05-02.06.36:747][  2]LogModuleManager: Shutting down and abandoning module MagicLeapAudio (278)
[2018.10.05-02.06.36:747][  2]LogModuleManager: Shutting down and abandoning module GameplayTagsEditor (276)
[2018.10.05-02.06.36:747][  2]LogModuleManager: Shutting down and abandoning module FacialAnimationEditor (274)
[2018.10.05-02.06.36:747][  2]LogModuleManager: Shutting down and abandoning module FacialAnimation (272)
[2018.10.05-02.06.36:747][  2]LogModuleManager: Shutting down and abandoning module DataValidation (270)
[2018.10.05-02.06.36:747][  2]LogModuleManager: Shutting down and abandoning module AssetManagerEditor (268)
[2018.10.05-02.06.36:747][  2]LogModuleManager: Shutting down and abandoning module LevelEditor (267)
[2018.10.05-02.06.36:749][  2]LogModuleManager: Shutting down and abandoning module PixelInspectorModule (266)
[2018.10.05-02.06.36:749][  2]LogModuleManager: Shutting down and abandoning module CommonMenuExtensions (264)
[2018.10.05-02.06.36:750][  2]LogModuleManager: Shutting down and abandoning module MainFrame (262)
[2018.10.05-02.06.36:750][  2]LogModuleManager: Shutting down and abandoning module HotReload (261)
[2018.10.05-02.06.36:751][  2]LogModuleManager: Shutting down and abandoning module ContentBrowser (257)
[2018.10.05-02.06.36:753][  2]LogModuleManager: Shutting down and abandoning module TreeMap (255)
[2018.10.05-02.06.36:753][  2]LogModuleManager: Shutting down and abandoning module LightPropagationVolumeRuntime (252)
[2018.10.05-02.06.36:753][  2]LogModuleManager: Shutting down and abandoning module AISupportModule (250)
[2018.10.05-02.06.36:753][  2]LogModuleManager: Shutting down and abandoning module Paper2D (248)
[2018.10.05-02.06.36:753][  2]LogModuleManager: Shutting down and abandoning module WindowsMoviePlayer (246)
[2018.10.05-02.06.36:754][  2]LogModuleManager: Shutting down and abandoning module WmfMedia (244)
[2018.10.05-02.06.36:756][  2]LogModuleManager: Shutting down and abandoning module Media (243)
[2018.10.05-02.06.36:763][  2]LogModuleManager: Shutting down and abandoning module PacketHandler (240)
[2018.10.05-02.06.36:763][  2]LogModuleManager: Shutting down and abandoning module ClothingSystemEditor (238)
[2018.10.05-02.06.36:763][  2]LogModuleManager: Shutting down and abandoning module ClothingSystemRuntime (236)
[2018.10.05-02.06.36:763][  2]LogModuleManager: Shutting down and abandoning module MediaAssets (234)
[2018.10.05-02.06.36:763][  2]LogModuleManager: Shutting down and abandoning module Overlay (232)
[2018.10.05-02.06.36:763][  2]LogModuleManager: Shutting down and abandoning module OverlayEditor (231)
[2018.10.05-02.06.36:764][  2]LogModuleManager: Shutting down and abandoning module VREditor (228)
[2018.10.05-02.06.36:764][  2]LogModuleManager: Shutting down and abandoning module StringTableEditor (226)
[2018.10.05-02.06.36:764][  2]LogModuleManager: Shutting down and abandoning module GameplayTasksEditor (224)
[2018.10.05-02.06.36:764][  2]LogModuleManager: Shutting down and abandoning module BehaviorTreeEditor (222)
[2018.10.05-02.06.36:764][  2]LogModuleManager: Shutting down and abandoning module FunctionalTesting (220)
[2018.10.05-02.06.36:764][  2]LogModuleManager: Shutting down and abandoning module CollisionAnalyzer (218)
[2018.10.05-02.06.36:764][  2]LogModuleManager: Shutting down and abandoning module WorkspaceMenuStructure (217)
[2018.10.05-02.06.36:764][  2]LogModuleManager: Shutting down and abandoning module UMG (214)
[2018.10.05-02.06.36:764][  2]LogModuleManager: Shutting down and abandoning module UMGEditor (213)
[2018.10.05-02.06.36:764][  2]LogModuleManager: Shutting down and abandoning module Sequencer (212)
[2018.10.05-02.06.36:765][  2]LogModuleManager: Shutting down and abandoning module MessageLog (209)
[2018.10.05-02.06.36:765][  2]LogModuleManager: Shutting down and abandoning module SlateReflector (204)
[2018.10.05-02.06.36:765][  2]LogModuleManager: Shutting down and abandoning module Slate (202)
[2018.10.05-02.06.36:765][  2]LogModuleManager: Shutting down and abandoning module EditorStyle (200)
[2018.10.05-02.06.36:769][  2]LogModuleManager: Shutting down and abandoning module MRMesh (198)
[2018.10.05-02.06.36:769][  2]LogModuleManager: Shutting down and abandoning module SourceCodeAccess (196)
[2018.10.05-02.06.36:769][  2]LogModuleManager: Shutting down and abandoning module HeadMountedDisplay (194)
[2018.10.05-02.06.36:770][  2]LogModuleManager: Shutting down and abandoning module XAudio2 (192)
[2018.10.05-02.06.36:770][  2]LogModuleManager: Shutting down and abandoning module Networking (190)
[2018.10.05-02.06.36:770][  2]LogModuleManager: Shutting down and abandoning module Core (188)
[2018.10.05-02.06.36:770][  2]LogModuleManager: Shutting down and abandoning module LevelSequence (186)
[2018.10.05-02.06.36:770][  2]LogModuleManager: Shutting down and abandoning module KismetCompiler (184)
[2018.10.05-02.06.36:770][  2]LogModuleManager: Shutting down and abandoning module MeshUtilities (182)
[2018.10.05-02.06.36:770][  2]LogModuleManager: Shutting down and abandoning module MeshMergeUtilities (181)
[2018.10.05-02.06.36:770][  2]LogModuleManager: Shutting down and abandoning module MeshReductionInterface (180)
[2018.10.05-02.06.36:770][  2]LogModuleManager: Shutting down and abandoning module SimplygonSwarm (179)
[2018.10.05-02.06.36:770][  2]LogModuleManager: Shutting down and abandoning module ProxyLODMeshReduction (177)
[2018.10.05-02.06.36:770][  2]LogModuleManager: Shutting down and abandoning module SimplygonMeshReduction (175)
[2018.10.05-02.06.36:770][  2]LogModuleManager: Shutting down and abandoning module QuadricMeshReduction (173)
[2018.10.05-02.06.36:770][  2]LogModuleManager: Shutting down and abandoning module MaterialBaking (169)
[2018.10.05-02.06.36:771][  2]LogModuleManager: Shutting down and abandoning module DirectoryWatcher (165)
[2018.10.05-02.06.36:771][  2]LogModuleManager: Shutting down and abandoning module DerivedDataCache (162)
[2018.10.05-02.06.36:788][  2]LogDerivedDataCache: Shutdown
[2018.10.05-02.06.36:788][  2]LogModuleManager: Shutting down and abandoning module XGEController (160)
[2018.10.05-02.06.36:788][  2]LogXGEController: Cleaning working directory: C:/Users/sapienfm/AppData/Local/Temp/UnrealXGEWorkingDir/
[2018.10.05-02.06.36:789][  2]LogModuleManager: Shutting down and abandoning module TargetPlatform (158)
[2018.10.05-02.06.36:789][  2]LogModuleManager: Shutting down and abandoning module VulkanShaderFormat (157)
[2018.10.05-02.06.36:789][  2]LogModuleManager: Shutting down and abandoning module ShaderFormatVectorVM (155)
[2018.10.05-02.06.36:789][  2]LogModuleManager: Shutting down and abandoning module ShaderFormatOpenGL (153)
[2018.10.05-02.06.36:789][  2]LogModuleManager: Shutting down and abandoning module ShaderFormatD3D (151)
[2018.10.05-02.06.36:789][  2]LogModuleManager: Shutting down and abandoning module MetalShaderFormat (149)
[2018.10.05-02.06.36:789][  2]LogModuleManager: Shutting down and abandoning module TextureFormatUncompressed (147)
[2018.10.05-02.06.36:789][  2]LogModuleManager: Shutting down and abandoning module TextureFormatPVR (145)
[2018.10.05-02.06.36:789][  2]LogModuleManager: Shutting down and abandoning module TextureFormatDXT (143)
[2018.10.05-02.06.36:789][  2]LogModuleManager: Shutting down and abandoning module TextureFormatIntelISPCTexComp (141)
[2018.10.05-02.06.36:789][  2]LogModuleManager: Shutting down and abandoning module TextureFormatASTC (139)
[2018.10.05-02.06.36:789][  2]LogModuleManager: Shutting down and abandoning module ImageWrapper (138)
[2018.10.05-02.06.36:790][  2]LogModuleManager: Shutting down and abandoning module TextureFormatAndroid (135)
[2018.10.05-02.06.36:790][  2]LogModuleManager: Shutting down and abandoning module AudioFormatOpus (133)
[2018.10.05-02.06.36:790][  2]LogModuleManager: Shutting down and abandoning module AudioFormatOgg (131)
[2018.10.05-02.06.36:790][  2]LogModuleManager: Shutting down and abandoning module AudioFormatADPCM (129)
[2018.10.05-02.06.36:790][  2]LogModuleManager: Shutting down and abandoning module LuminTargetPlatform (127)
[2018.10.05-02.06.36:790][  2]LogModuleManager: Shutting down and abandoning module LinuxTargetPlatform (125)
[2018.10.05-02.06.36:790][  2]LogModuleManager: Shutting down and abandoning module LinuxServerTargetPlatform (123)
[2018.10.05-02.06.36:790][  2]LogModuleManager: Shutting down and abandoning module LinuxNoEditorTargetPlatform (121)
[2018.10.05-02.06.36:790][  2]LogModuleManager: Shutting down and abandoning module LinuxClientTargetPlatform (119)
[2018.10.05-02.06.36:790][  2]LogModuleManager: Shutting down and abandoning module TVOSTargetPlatform (117)
[2018.10.05-02.06.36:792][  2]LogModuleManager: Shutting down and abandoning module Messaging (115)
[2018.10.05-02.06.36:792][  2]LogModuleManager: Shutting down and abandoning module IOSTargetPlatform (113)
[2018.10.05-02.06.36:794][  2]LogModuleManager: Shutting down and abandoning module HTML5TargetPlatform (111)
[2018.10.05-02.06.36:794][  2]LogModuleManager: Shutting down and abandoning module AndroidTargetPlatform (109)
[2018.10.05-02.06.36:807][  2]LogModuleManager: Shutting down and abandoning module WindowsTargetPlatform (107)
[2018.10.05-02.06.36:808][  2]LogModuleManager: Shutting down and abandoning module WindowsServerTargetPlatform (105)
[2018.10.05-02.06.36:808][  2]LogModuleManager: Shutting down and abandoning module WindowsNoEditorTargetPlatform (103)
[2018.10.05-02.06.36:808][  2]LogModuleManager: Shutting down and abandoning module WindowsClientTargetPlatform (101)
[2018.10.05-02.06.36:808][  2]LogModuleManager: Shutting down and abandoning module MacTargetPlatform (99)
[2018.10.05-02.06.36:808][  2]LogModuleManager: Shutting down and abandoning module MacServerTargetPlatform (97)
[2018.10.05-02.06.36:808][  2]LogModuleManager: Shutting down and abandoning module MacNoEditorTargetPlatform (95)
[2018.10.05-02.06.36:808][  2]LogModuleManager: Shutting down and abandoning module MacClientTargetPlatform (93)
[2018.10.05-02.06.36:808][  2]LogModuleManager: Shutting down and abandoning module AllDesktopTargetPlatform (91)
[2018.10.05-02.06.36:808][  2]LogModuleManager: Shutting down and abandoning module InputCore (88)
[2018.10.05-02.06.36:808][  2]LogModuleManager: Shutting down and abandoning module Settings (86)
[2018.10.05-02.06.36:808][  2]LogModuleManager: Shutting down and abandoning module PhysXCooking (84)
[2018.10.05-02.06.36:808][  2]LogModuleManager: Shutting down and abandoning module SteamVR (82)
[2018.10.05-02.06.36:808][  2]LogModuleManager: Shutting down and abandoning module OculusHMD (80)
[2018.10.05-02.06.36:808][  2]LogModuleManager: Shutting down and abandoning module ExampleDeviceProfileSelector (78)
[2018.10.05-02.06.36:808][  2]LogModuleManager: Shutting down and abandoning module LauncherChunkInstaller (76)
[2018.10.05-02.06.36:808][  2]LogModuleManager: Shutting down and abandoning module OnlineBlueprintSupport (74)
[2018.10.05-02.06.36:808][  2]LogModuleManager: Shutting down and abandoning module OnlineSubsystem (70)
[2018.10.05-02.06.36:809][  2]LogModuleManager: Shutting down and abandoning module XMPP (65)
[2018.10.05-02.06.36:809][  2]LogModuleManager: Shutting down and abandoning module WebSockets (64)
[2018.10.05-02.06.36:822][  2]LogModuleManager: Shutting down and abandoning module HTTP (61)
[2018.10.05-02.06.36:823][  2]LogHttp: Display: Http module shutting down, but needs to wait on 1 outstanding Http requests:
[2018.10.05-02.06.36:823][  2]LogHttp: Display: 	verb=[POST] url=[https://datarouter.ol.epicgames.com/datarouter/api/v1/public/data?SessionID=%7BB04AF11B-44D0-58A3-1BCB-EFA0E19ACE98%7D&AppID=UEEditor.Rocket.Release&AppVersion=4.20.1-4233996%2B%2B%2BUE4%2BRelease-4.20&UserID=c6bcfc09478e041abb7191a4d96f52e8%7Ccd38484a5414433ca96d78f9f8c741ce%7C9690f1cb-cce3-474e-b310-2fe49086b08c&AppEnvironment=datacollector-binary&UploadType=eteventstream] status=Processing
[2018.10.05-02.06.36:843][  2]LogModuleManager: Shutting down and abandoning module SSL (60)
[2018.10.05-02.06.36:843][  2]LogModuleManager: Shutting down and abandoning module MagicLeapEmulator (56)
[2018.10.05-02.06.36:843][  2]LogModuleManager: Shutting down and abandoning module MagicLeapPrivileges (54)
[2018.10.05-02.06.36:843][  2]LogModuleManager: Shutting down and abandoning module MagicLeapIdentity (52)
[2018.10.05-02.06.36:843][  2]LogModuleManager: Shutting down and abandoning module MagicLeapHelperVulkan (50)
[2018.10.05-02.06.36:843][  2]LogModuleManager: Shutting down and abandoning module MagicLeapHelperOpenGL (48)
[2018.10.05-02.06.36:843][  2]LogModuleManager: Shutting down and abandoning module MagicLeapSecureStorage (46)
[2018.10.05-02.06.36:843][  2]LogModuleManager: Shutting down and abandoning module MagicLeapGestures (44)
[2018.10.05-02.06.36:844][  2]LogModuleManager: Shutting down and abandoning module MagicLeapEyeTracker (42)
[2018.10.05-02.06.36:844][  2]LogModuleManager: Shutting down and abandoning module MagicLeapController (40)
[2018.10.05-02.06.36:844][  2]LogSlate: Slate User Destroyed.  User Index 0, Is Virtual User: 0
[2018.10.05-02.06.36:844][  2]LogModuleManager: Shutting down and abandoning module MagicLeap (38)
[2018.10.05-02.06.36:844][  2]LogModuleManager: Shutting down and abandoning module AnimationModifiers (36)
[2018.10.05-02.06.36:844][  2]LogModuleManager: Shutting down and abandoning module PropertyEditor (35)
[2018.10.05-02.06.36:844][  2]LogModuleManager: Shutting down and abandoning module AudioEditor (32)
[2018.10.05-02.06.36:844][  2]LogModuleManager: Shutting down and abandoning module TextureCompressor (30)
[2018.10.05-02.06.36:844][  2]LogModuleManager: Shutting down and abandoning module ShaderCore (28)
[2018.10.05-02.06.36:844][  2]LogModuleManager: Shutting down and abandoning module Landscape (26)
[2018.10.05-02.06.36:844][  2]LogModuleManager: Shutting down and abandoning module SlateRHIRenderer (24)
[2018.10.05-02.06.36:844][  2]LogModuleManager: Shutting down and abandoning module OpenGLDrv (22)
[2018.10.05-02.06.36:844][  2]LogModuleManager: Shutting down and abandoning module D3D11RHI (20)
[2018.10.05-02.06.36:844][  2]LogModuleManager: Shutting down and abandoning module AnimGraphRuntime (18)
[2018.10.05-02.06.36:844][  2]LogModuleManager: Shutting down and abandoning module Renderer (16)
[2018.10.05-02.06.36:844][  2]LogModuleManager: Shutting down and abandoning module Engine (14)
[2018.10.05-02.06.36:844][  2]LogModuleManager: Shutting down and abandoning module CoreUObject (12)
[2018.10.05-02.06.36:844][  2]LogModuleManager: Shutting down and abandoning module NetworkFile (10)
[2018.10.05-02.06.36:844][  2]LogModuleManager: Shutting down and abandoning module CookedIterativeFile (8)
[2018.10.05-02.06.36:844][  2]LogModuleManager: Shutting down and abandoning module StreamingFile (6)
[2018.10.05-02.06.36:844][  2]LogModuleManager: Shutting down and abandoning module SandboxFile (4)
[2018.10.05-02.06.36:844][  2]LogModuleManager: Shutting down and abandoning module PakFile (2)
[2018.10.05-02.06.36:849][  2]LogExit: Exiting.
[2018.10.05-02.06.36:853][  2]Log file closed, 10/04/18 22:06:36
